3070542422 = strhash ("hashfn")
        48 = strhash ("0")
        57 = strhash ("9")
        65 = strhash ("A")
        90 = strhash ("Z")
        97 = strhash ("a")
       122 = strhash ("z")
    101574 = strhash ("foo")
     97299 = strhash ("bar")
     97307 = strhash ("baz")
    112340 = strhash ("qux")
   3482567 = strhash ("quux")
 107959604 = strhash ("quuux")
3346747751 = strhash ("quuuux")
 669965204 = strhash ("quuuuux")
3589052167 = strhash ("quuuuuux")
3886434804 = strhash ("quuuuuuux")
 220394663 = strhash ("quuuuuuuux")
 105691274 = strhash ("Makefile")
     80962 = strhash ("RCS")
3070542422 = strhash ("hashfn")
 148736715 = strhash ("hashfn.c")
1202077622 = strhash ("hashfn.out")
3338426469 = strhash ("pspell.perl")
4294967295 = 0xFFFFFFFFu
